[debug] [2019-03-29T17:03:16.975Z] ----------------------------------------------------------------------
[debug] [2019-03-29T17:03:16.979Z] Command:       C:\Program Files\nodejs\node.exe C:\Users\Fany\AppData\Roaming\npm\node_modules\firebase-tools\lib\bin\firebase.js serve
[debug] [2019-03-29T17:03:16.979Z] CLI Version:   6.5.0
[debug] [2019-03-29T17:03:16.979Z] Platform:      win32
[debug] [2019-03-29T17:03:16.979Z] Node Version:  v10.15.0
[debug] [2019-03-29T17:03:16.981Z] Time:          Fri Mar 29 2019 11:03:16 GMT-0600 (GMT-06:00)
[debug] [2019-03-29T17:03:16.981Z] ----------------------------------------------------------------------
[debug] 
[debug] [2019-03-29T17:03:16.993Z] > command requires scopes: ["email","openid","https://www.googleapis.com/auth/cloudplatformprojects.readonly","https://www.googleapis.com/auth/firebase","https://www.googleapis.com/auth/cloud-platform"]
[debug] [2019-03-29T17:03:16.994Z] > authorizing via signed-in user
[debug] [2019-03-29T17:03:16.994Z] [iam] checking project red-social-595e4 for permissions ["firebase.projects.get"]
[debug] [2019-03-29T17:03:16.997Z] >>> HTTP REQUEST POST https://cloudresourcemanager.googleapis.com/v1/projects/red-social-595e4:testIamPermissions  

[debug] [2019-03-29T17:03:17.717Z] <<< HTTP RESPONSE 200
[debug] [2019-03-29T17:03:17.721Z] >>> HTTP REQUEST GET https://cloudresourcemanager.googleapis.com/v1/projects/red-social-595e4  
 
[debug] [2019-03-29T17:03:18.101Z] <<< HTTP RESPONSE 200
[info] 
[info] === Serving from 'C:\Users\Fany\Laboratoria\GDL002-social-network'...
[info] 
[info] i  functions: Preparing to emulate functions.
[debug] [2019-03-29T17:03:19.000Z] Fetching environment
[debug] [2019-03-29T17:03:19.003Z] >>> HTTP REQUEST GET https://mobilesdk-pa.googleapis.com/v1/projects/918699970408:getServerAppConfig  
 
[debug] [2019-03-29T17:03:19.004Z] >>> HTTP REQUEST GET https://mobilesdk-pa.googleapis.com/v1/projects/918699970408/clients/_:getWebAppConfig  
 
[debug] [2019-03-29T17:03:19.600Z] <<< HTTP RESPONSE 200
[debug] [2019-03-29T17:03:19.600Z] Starting @google-cloud/functions-emulator
[debug] [2019-03-29T17:03:19.697Z] <<< HTTP RESPONSE 200
[info] i  hosting: Serving hosting files from: public
[info] +  hosting: Local server: http://localhost:5000
[debug] [2019-03-29T17:03:21.651Z] Parsing function triggers
[info] i  functions: No HTTPS functions found. Use firebase functions:shell if you would like to emulate other types of functions.
[debug] [2019-03-30T23:27:06.238Z] Error: kill ENOSYS
    at process.kill (internal/process/per_thread.js:198:13)
    at process.listener (C:\Users\Fany\AppData\Roaming\npm\node_modules\firebase-tools\node_modules\signal-exit\index.js:95:15)
    at process.emit (events.js:182:13)
[error] 
[error] Error: An unexpected error has occurred.
